<?xml version="1.0" encoding="UTF-8"?>
<!-- Generated by org.testng.reporters.JUnitXMLReporter -->
<testsuite ignored="0" hostname="LAPTOP-CSD2UPU8" failures="0" tests="3" name="Submit Order Test" time="19.993" errors="0" timestamp="2024-03-19T15:11:40 IST">
  <testcase classname="ManjuGroup1.Pageobjects.StandaloneTest" name="SubmitOrder" time="5.336"/>
  <testcase classname="ManjuGroup1.Pageobjects.StandaloneTest" name="SubmitOrder" time="3.943"/>
  <testcase classname="ManjuGroup1.Pageobjects.StandaloneTest" name="OrderHistoryTest" time="0.79"/>
</testsuite> <!-- Submit Order Test -->
