<?xml version="1.0" encoding="UTF-8"?>
<!-- Generated by org.testng.reporters.JUnitXMLReporter -->
<testsuite ignored="0" hostname="LAPTOP-CSD2UPU8" failures="0" tests="3" name="Submit Order Test" time="33.665" errors="0" timestamp="2024-05-18T16:15:00 IST">
  <testcase classname="ManjuGroup1.Pageobjects.StandaloneTest" name="SubmitOrder" time="3.677"/>
  <testcase classname="ManjuGroup1.Pageobjects.StandaloneTest" name="SubmitOrder" time="3.637"/>
  <testcase classname="ManjuGroup1.Pageobjects.StandaloneTest" name="OrderHistoryTest" time="0.74"/>
</testsuite> <!-- Submit Order Test -->
